2026-04-11 19:51:12.739: info: build 20260317.192005-578-x64
2026-04-11 19:51:13.237: info: in process C:\Guild Wars 2\Gw2-64.exe, 0x7FF6A2721000-0x7FF6A53A2000 (0xD31E74D7)
2026-04-11 19:51:13.254: info: as addon C:\Guild Wars 2\addons\ArcDPS.dll, 0x7FFECA501000-0x7FFECA641000 (0x087162C2)
2026-04-11 19:51:15.687: info: shared imgui active
2026-04-11 19:51:24.230: extensions: Arcdps Integration 0x7FFEE2441000-0x7FFEE247D000 (C:\Guild Wars 2\addons\Nexus\arcdps_integration64.dll, 2025.4.22.1050, 0x4E98752B, FED81763)
2026-04-11 19:51:28.251: extensions: Mechanics 0x7FFEC8541000-0x7FFEC85EE000 (C:\Guild Wars 2\addons\Mechanics_Log.dll, Feb 12 2023 00:25:34, 0x98AEF35B, 81004122)
2026-04-11 19:51:28.267: extensions: Boon Table 0x7FFE78E51000-0x7FFE790BD000 (C:\Guild Wars 2\addons\Boon_Table.dll, 2.7.1.1, 0x169AE76E, 64003268)
2026-04-11 21:27:04.434: error: intercepted unhandled hardware exception at "C:\Guild Wars 2\bin64\cef\libcef.dll :0+x30AC9A0" thread 372
	---------------------
	---- info -----------
	---------------------
	code: 0x80000003
	address: 0x7FFE4771C9A0
	flags: 0x0
	parameter0: 0x0
	text: BreakpointA breakpoint has been reached.
2026-04-11 21:27:04.456: error: intercepted unhandled hardware exception at "C:\Guild Wars 2\bin64\cef\libcef.dll :0+x30AC9A1" thread 372
	---------------------
	---- info -----------
	---------------------
	code: 0xC000001D
	address: 0x7FFE4771C9A1
	flags: 0x0
	text: Illegal InstructionAn attempt was made to execute an illegal instruction.
	-------------------
	---- system -------
	-------------------
	windows: 11.0.26200
	cpu: Intel(R) Core(TM) i5-10300H CPU @ 2.50GHz
	system ram: 8297MB used, 16215MB total
	gpu: NVIDIA GeForce GTX 1650
	vram: 316MB used, 3344MB budget
	driver: 32.0.15.9579
	-----------------------------------------------------------------------------------
	---- module range ----------- file ------------------------------------------------
	-----------------------------------------------------------------------------------
	0x7FF6A2721000 0x7FF6A53A1000 C:\Guild Wars 2\Gw2-64.exe
	0x7FFF1D201000 0x7FFF1D466000 C:\WINDOWS\SYSTEM32\ntdll.dll
	0x7FFF1B521000 0x7FFF1B5E8000 C:\WINDOWS\System32\KERNEL32.DLL
	0x7FFF19D01000 0x7FFF1A0F0000 C:\WINDOWS\System32\KERNELBASE.dll
	0x7FFF1B0F1000 0x7FFF1B2B4000 C:\WINDOWS\System32\USER32.dll
	0x7FFF1AF71000 0x7FFF1AF96000 C:\WINDOWS\System32\win32u.dll
	0x7FFF1B3F1000 0x7FFF1B41A000 C:\WINDOWS\System32\GDI32.dll
	0x7FFF1A281000 0x7FFF1A3AA000 C:\WINDOWS\System32\gdi32full.dll
	0x7FFF19C51000 0x7FFF19CF2000 C:\WINDOWS\System32\msvcp_win.dll
	0x7FFF1AD61000 0x7FFF1AEAA000 C:\WINDOWS\System32\ucrtbase.dll
	0x7FFF1B421000 0x7FFF1B4DA000 C:\WINDOWS\System32\ADVAPI32.dll
	0x7FFF1B681000 0x7FFF1B728000 C:\WINDOWS\System32\msvcrt.dll
	0x7FFF1B341000 0x7FFF1B3E6000 C:\WINDOWS\System32\sechost.dll
	0x7FFF1B921000 0x7FFF1BA37000 C:\WINDOWS\System32\RPCRT4.dll
	0x7FFF1B2C1000 0x7FFF1B333000 C:\WINDOWS\System32\WS2_32.dll
	0x7FFF1AC21000 0x7FFF1ACA0000 C:\WINDOWS\System32\WINTRUST.dll
	0x7FFF12821000 0x7FFF1282A000 C:\WINDOWS\SYSTEM32\VERSION.dll
	0x7FFF1C3F1000 0x7FFF1CB4E000 C:\WINDOWS\System32\SHELL32.dll
	0x7FFF16921000 0x7FFF16948000 C:\WINDOWS\SYSTEM32\WTSAPI32.dll
	0x7FFF076F1000 0x7FFF07724000 C:\WINDOWS\SYSTEM32\WINMM.dll
	0x7FFF1BF01000 0x7FFF1C281000 C:\WINDOWS\System32\combase.dll
	0x7FFF19AE1000 0x7FFF19C49000 C:\WINDOWS\System32\wintypes.dll
	0x7FFF18B11000 0x7FFF18B58000 C:\WINDOWS\SYSTEM32\SspiCli.dll
	0x7FFF1A101000 0x7FFF1A276000 C:\WINDOWS\System32\CRYPT32.dll
	0x7FFF1BA41000 0x7FFF1BBD4000 C:\WINDOWS\System32\ole32.dll
	0x7FFF1B841000 0x7FFF1B916000 C:\WINDOWS\System32\OLEAUT32.dll
	0x7FFF1B4E1000 0x7FFF1B510000 C:\WINDOWS\System32\IMM32.dll
	0x7FFEF4BD1000 0x7FFEF4DA7000 C:\WINDOWS\WinSxS\amd64_microsoft.windows.gdiplus_6595b64144ccf1df_1.1.26100.8036_none_6ef439583dc61568\gdiplus.dll
	0x7FFE973E1000 0x7FFE973F8000 C:\WINDOWS\SYSTEM32\USP10.dll
	0x7FFE91AC1000 0x7FFE91AE0000 C:\WINDOWS\SYSTEM32\MSACM32.dll
	0x7FFEF34E1000 0x7FFEF34E7000 C:\WINDOWS\SYSTEM32\MSIMG32.dll
	0x7FFEEF511000 0x7FFEEF5C3000 C:\WINDOWS\WinSxS\amd64_microsoft.windows.common-controls_6595b64144ccf1df_5.82.26100.8037_none_87ebc5097a2f9e52\COMCTL32.dll
	0x7FFF16911000 0x7FFF1691C000 C:\WINDOWS\SYSTEM32\Secur32.dll
	0x7FFF19131000 0x7FFF19142000 C:\WINDOWS\SYSTEM32\MSASN1.dll
	0x7FFF17291000 0x7FFF174D1000 C:\WINDOWS\SYSTEM32\dbghelp.dll
	0x7FFF1ACB1000 0x7FFF1AD54000 C:\WINDOWS\System32\bcryptPrimitives.dll
	0x7FFF1A3B1000 0x7FFF1AC13000 C:\WINDOWS\System32\windows.storage.dll
	0x7FFF1D091000 0x7FFF1D186000 C:\WINDOWS\System32\SHCORE.dll
	0x7FFF1BE91000 0x7FFF1BEF6000 C:\WINDOWS\System32\shlwapi.dll
	0x7FFF19A01000 0x7FFF19A28000 C:\WINDOWS\SYSTEM32\profapi.dll
	0x7FFF18851000 0x7FFF1886A000 C:\WINDOWS\SYSTEM32\kernel.appcore.dll
	0x7FFF19621000 0x7FFF1964C000 C:\WINDOWS\SYSTEM32\DEVOBJ.dll
	0x7FFF19651000 0x7FFF196A6000 C:\WINDOWS\SYSTEM32\cfgmgr32.dll
	0x7FFF17641000 0x7FFF17682000 C:\WINDOWS\SYSTEM32\dxcore.dll
	0x7FFF17001000 0x7FFF170A9000 C:\WINDOWS\system32\uxtheme.dll
	0x7FFF0C251000 0x7FFF0C28A000 C:\WINDOWS\SYSTEM32\cryptnet.dll
	0x7FFF190E1000 0x7FFF190EB000 C:\WINDOWS\SYSTEM32\cryptbase.dll
	0x7FFF1D191000 0x7FFF1D1AF000 C:\WINDOWS\System32\imagehlp.dll
	0x7FFF190C1000 0x7FFF190DA000 C:\WINDOWS\SYSTEM32\CRYPTSP.dll
	0x7FFF187A1000 0x7FFF187D8000 C:\WINDOWS\system32\rsaenh.dll
	0x7FFF199D1000 0x7FFF199F9000 C:\WINDOWS\SYSTEM32\bcrypt.dll
	0x7FFF191A1000 0x7FFF19207000 C:\WINDOWS\SYSTEM32\wldp.dll
	0x7FFF0C021000 0x7FFF0C197000 C:\WINDOWS\SYSTEM32\drvstore.dll
	0x7FFEA2171000 0x7FFEA22B6000 C:\WINDOWS\system32\nvspcap64.dll
	0x7FFF18991000 0x7FFF189C5000 C:\WINDOWS\SYSTEM32\ntmarta.dll
	0x7FFF18E51000 0x7FFF18E7F000 C:\WINDOWS\SYSTEM32\gpapi.dll
	0x7FFE5E381000 0x7FFE5EAA4000 C:\WINDOWS\System32\DriverStore\FileRepository\nvaci.inf_amd64_fdf43063d29c7e64\nvppex.dll
	0x7FFF1B021000 0x7FFF1B0CD000 C:\WINDOWS\System32\clbcatq.dll
	0x7FFEE0C11000 0x7FFEE0C27000 C:\WINDOWS\system32\napinsp.dll
	0x7FFF18DE1000 0x7FFF18E4A000 C:\WINDOWS\System32\mswsock.dll
	0x7FFF18321000 0x7FFF18449000 C:\WINDOWS\SYSTEM32\DNSAPI.dll
	0x7FFF18231000 0x7FFF18262000 C:\WINDOWS\SYSTEM32\IPHLPAPI.DLL
	0x7FFF1B0E1000 0x7FFF1B0E9000 C:\WINDOWS\System32\NSI.dll
	0x7FFEE0BD1000 0x7FFEE0BE1000 C:\WINDOWS\System32\winrnr.dll
	0x7FFEE0BA1000 0x7FFEE0BC1000 C:\WINDOWS\system32\nlansp_c.dll
	0x7FFF12801000 0x7FFF12815000 C:\WINDOWS\system32\wshbth.dll
	0x7FFF119B1000 0x7FFF11A35000 C:\WINDOWS\System32\fwpuclnt.dll
	0x7FFF0C661000 0x7FFF0C66A000 C:\Windows\System32\rasadhlp.dll
	0x7FFF1C291000 0x7FFF1C3EC000 C:\WINDOWS\System32\msctf.dll
	0x7FFEF8381000 0x7FFEF84C7000 C:\WINDOWS\SYSTEM32\textinputframework.dll
	0x7FFF14CA1000 0x7FFF14ECC000 C:\WINDOWS\SYSTEM32\WindowsCodecs.dll
	0x7FFECFA01000 0x7FFECFCD7000 C:\WINDOWS\system32\explorerframe.dll
	0x7FFEF8C81000 0x7FFEF8D32000 C:\WINDOWS\SYSTEM32\TextShaping.dll
	0x7FFE44671000 0x7FFE4EE78000 C:\Guild Wars 2\bin64\cef\libcef.dll
	0x7FFF1B731000 0x7FFF1B81D000 C:\WINDOWS\System32\COMDLG32.dll
	0x7FFF17891000 0x7FFF179CD000 C:\WINDOWS\SYSTEM32\dxgi.dll
	0x7FFF16AB1000 0x7FFF16BB2000 C:\WINDOWS\SYSTEM32\PROPSYS.dll
	0x7FFEF0831000 0x7FFEF0C4F000 C:\WINDOWS\SYSTEM32\UIAutomationCore.DLL
	0x7FFEF2D91000 0x7FFEF2E05000 C:\WINDOWS\SYSTEM32\OLEACC.dll
	0x7FFF18E91000 0x7FFF18EC1000 C:\WINDOWS\SYSTEM32\USERENV.dll
	0x7FFEE9D91000 0x7FFEE9DA9000 C:\WINDOWS\SYSTEM32\NETAPI32.dll
	0x7FFF17F71000 0x7FFF17F7E000 C:\WINDOWS\SYSTEM32\HID.DLL
	0x7FFF17A01000 0x7FFF17A2D000 C:\WINDOWS\SYSTEM32\dwmapi.dll
	0x7FFF14ED1000 0x7FFF15136000 C:\WINDOWS\SYSTEM32\DWrite.dll
	0x7FFEF2E11000 0x7FFEF2EBE000 C:\WINDOWS\SYSTEM32\WINSPOOL.DRV
	0x7FFF192E1000 0x7FFF1930F000 C:\WINDOWS\SYSTEM32\ncrypt.dll
	0x7FFE8DD11000 0x7FFE8DEC1000 C:\WINDOWS\SYSTEM32\d3d9.dll
	0x7FFEF6661000 0x7FFEF668D000 C:\WINDOWS\SYSTEM32\dxva2.dll
	0x7FFECA651000 0x7FFECA791000 C:\Guild Wars 2\bin64\cef\chrome_elf.dll
	0x7FFEF55F1000 0x7FFEF564D000 C:\WINDOWS\SYSTEM32\CRYPTUI.dll
	0x7FFF12281000 0x7FFF123A6000 C:\WINDOWS\SYSTEM32\WINHTTP.dll
	0x7FFF07F01000 0x7FFF080DC000 C:\WINDOWS\SYSTEM32\urlmon.dll
	0x7FFE8E031000 0x7FFE8E04B000 C:\WINDOWS\SYSTEM32\credui.dll
	0x7FFF121E1000 0x7FFF1222B000 C:\WINDOWS\SYSTEM32\wevtapi.dll
	0x7FFF12231000 0x7FFF12252000 C:\WINDOWS\SYSTEM32\dhcpcsvc.DLL
	0x7FFEF7011000 0x7FFEF7297000 C:\WINDOWS\SYSTEM32\WININET.dll
	0x7FFEE96E1000 0x7FFEE9B01000 C:\WINDOWS\SYSTEM32\ESENT.dll
	0x7FFF19941000 0x7FFF1999D000 C:\WINDOWS\SYSTEM32\powrprof.dll
	0x7FFF07C31000 0x7FFF07EF3000 C:\WINDOWS\SYSTEM32\iertutil.dll
	0x7FFF077B1000 0x7FFF077D8000 C:\WINDOWS\SYSTEM32\srvcli.dll
	0x7FFF181F1000 0x7FFF181FC000 C:\WINDOWS\SYSTEM32\netutils.dll
	0x7FFF18591000 0x7FFF1859A000 C:\WINDOWS\SYSTEM32\DSROLE.DLL
	0x7FFF120F1000 0x7FFF1210A000 C:\WINDOWS\SYSTEM32\WKSCLI.DLL
	0x7FFF181C1000 0x7FFF181DB000 C:\WINDOWS\SYSTEM32\SAMCLI.DLL
	0x7FFF19921000 0x7FFF19933000 C:\WINDOWS\SYSTEM32\UMPDC.dll
	0x7FFF19291000 0x7FFF192CE000 C:\WINDOWS\SYSTEM32\NTASN1.dll
	0x7FFF196D1000 0x7FFF196D9000 C:\WINDOWS\SYSTEM32\DPAPI.dll
	0x7FFF12261000 0x7FFF1227C000 C:\WINDOWS\SYSTEM32\dhcpcsvc6.DLL
	0x7FFF196E1000 0x7FFF19742000 C:\WINDOWS\SYSTEM32\WINSTA.dll
	0x7FFF12BD1000 0x7FFF12C67000 C:\WINDOWS\System32\MMDevApi.dll
	0x7FFF13EC1000 0x7FFF13F7E000 C:\WINDOWS\SYSTEM32\mscms.dll
	0x7FFF144B1000 0x7FFF14622000 C:\WINDOWS\SYSTEM32\DSREG.DLL
	0x7FFF160A1000 0x7FFF161C6000 C:\WINDOWS\System32\CoreMessaging.dll
	0x7FFEF6FB1000 0x7FFEF6FDD000 C:\Users\Daniel\AppData\Local\Temp\2F943943-3E8C-4A6D-8BCB-B162D8204AB7\amd_ags_x64.dll
	0x7FFF05531000 0x7FFF05A9A000 C:\WINDOWS\SYSTEM32\nvapi64.dll
	0x7FFF1CB61000 0x7FFF1CFE6000 C:\WINDOWS\System32\SETUPAPI.dll
	0x7FFE759B1000 0x7FFE760FC000 C:\Guild Wars 2\d3d11.dll
	0x7FFF147F1000 0x7FFF14C6E000 C:\WINDOWS\SYSTEM32\D3DCOMPILER_47.dll
	0x7FFEF6F81000 0x7FFEF6FA4000 C:\WINDOWS\SYSTEM32\dxgidebug.dll
	0x7FFF12A21000 0x7FFF12A7F000 C:\WINDOWS\SYSTEM32\directxdatabasehelper.dll
	0x7FFF15781000 0x7FFF159E2000 C:\WINDOWS\system32\d3d11.dll
	0x7FFF159F1000 0x7FFF15C0F000 C:\WINDOWS\SYSTEM32\dcomp.dll
	0x7FFF14C81000 0x7FFF14C98000 C:\WINDOWS\SYSTEM32\Microsoft.Internal.WarpPal.dll
	0x7FFF04C91000 0x7FFF04D53000 C:\WINDOWS\System32\DriverStore\FileRepository\nvaci.inf_amd64_fdf43063d29c7e64\nvldumdx.dll
	0x7FFEFFAF1000 0x7FFF04A46000 C:\WINDOWS\System32\DriverStore\FileRepository\nvaci.inf_amd64_fdf43063d29c7e64\nvgpucomp64.dll
	0x7FFF04DB1000 0x7FFF05112000 C:\WINDOWS\System32\DriverStore\FileRepository\nvaci.inf_amd64_fdf43063d29c7e64\Display.NvContainer\NvMessageBus.dll
	0x7FFEFE801000 0x7FFEFE93A000 C:\WINDOWS\System32\DriverStore\FileRepository\nvaci.inf_amd64_fdf43063d29c7e64\NvMemMapStoragex.dll
	0x7FFEF9291000 0x7FFEFE634000 C:\WINDOWS\System32\DriverStore\FileRepository\nvaci.inf_amd64_fdf43063d29c7e64\nvwgf2umx.dll
	0x7FFF16951000 0x7FFF169EE000 C:\WINDOWS\SYSTEM32\apphelp.dll
	0x7FFEDE201000 0x7FFEDE21A000 C:\WINDOWS\system32\NetworkExplorer.dll
	0x7FFE75451000 0x7FFE759AF000 C:\Guild Wars 2\addons\Log_Uploader.dll
	0x7FFECA501000 0x7FFECA641000 C:\Guild Wars 2\addons\ArcDPS.dll
	0x7FFEF7DC1000 0x7FFEF7E89000 C:\WINDOWS\SYSTEM32\webio.dll
	0x7FFF17271000 0x7FFF1727D000 C:\WINDOWS\SYSTEM32\WINNSI.DLL
	0x7FFE78E51000 0x7FFE790BD000 C:\Guild Wars 2\addons\Boon_Table.dll
	0x7FFEDF931000 0x7FFEDF9B8000 C:\Guild Wars 2\addons\Fast_Load.dll
	0x7FFF18681000 0x7FFF18743000 C:\WINDOWS\system32\schannel.DLL
	0x7FFE785B1000 0x7FFE78830000 C:\Guild Wars 2\addons\bosshealth.dll
	0x7FFEE9D41000 0x7FFEE9D81000 C:\WINDOWS\system32\ncryptsslp.dll
	0x7FFEC85F1000 0x7FFEC86E3000 C:\Guild Wars 2\addons\Castbar_Clarity.dll
	0x7FFEF81F1000 0x7FFEF820D000 C:\WINDOWS\SYSTEM32\VCRUNTIME140.dll
	0x7FFEA40E1000 0x7FFEA426D000 C:\Guild Wars 2\addons\Radial_Menus.dll
	0x7FFE77D11000 0x7FFE77F46000 C:\Guild Wars 2\addons\reffect.dll
	0x7FFEE2441000 0x7FFEE247D000 C:\Guild Wars 2\addons\Nexus\arcdps_integration64.dll
	0x7FFECA461000 0x7FFECA4F7000 C:\Guild Wars 2\addons\VfxDenoiser.dll
	0x7FFEF81E1000 0x7FFEF81EA000 C:\WINDOWS\SYSTEM32\VCRUNTIME140_1.dll
	0x7FFEEA6D1000 0x7FFEEA757000 C:\WINDOWS\SYSTEM32\MSVCP140.dll
	0x7FFEF7341000 0x7FFEF7376000 C:\WINDOWS\SYSTEM32\winmmbase.dll
	0x7FFE91AF1000 0x7FFE91B36000 C:\WINDOWS\SYSTEM32\wdmaud.drv
	0x7FFE98B81000 0x7FFE98BA2000 C:\WINDOWS\SYSTEM32\wdmaud2.drv
	0x7FFF12F11000 0x7FFF12F1A000 C:\WINDOWS\SYSTEM32\AVRT.dll
	0x7FFF0A791000 0x7FFF0A941000 C:\WINDOWS\SYSTEM32\AUDIOSES.DLL
	0x7FFEE1551000 0x7FFEE155E000 C:\WINDOWS\SYSTEM32\msacm32.drv
	0x7FFEF5041000 0x7FFEF504B000 C:\WINDOWS\SYSTEM32\midimap.dll
	0x7FFF17F11000 0x7FFF17F23000 C:\WINDOWS\SYSTEM32\resourcepolicyclient.dll
	0x7FFEE1381000 0x7FFEE13C8000 C:\WINDOWS\SYSTEM32\icm32.dll
	0x7FFEC8541000 0x7FFEC85EE000 C:\Guild Wars 2\addons\Mechanics_Log.dll
	0x7FFEA22C1000 0x7FFEA230F000 C:\WINDOWS\SYSTEM32\WindowsCodecsExt.dll
	0x7FFEFEEF1000 0x7FFEFF12C000 C:\Windows\System32\msxml6.dll
	0x7FFF11221000 0x7FFF11501000 C:\WINDOWS\SYSTEM32\CoreUIComponents.dll
	0x7FFEF55D1000 0x7FFEF55E0000 C:\WINDOWS\SYSTEM32\wtdccm.dll
	0x7FFEF17C1000 0x7FFEF183A000 C:\Users\Daniel\AppData\Local\Temp\E6223622-1658-4A83-8AE4-AF9C5808A7CB\bink2w64.dll
	0x7FFE8E1F1000 0x7FFE8E283000 C:\WINDOWS\SYSTEM32\DSOUND.DLL
	0x7FFE8E131000 0x7FFE8E1E0000 C:\WINDOWS\SYSTEM32\ResampleDmo.DLL
	0x7FFEA2441000 0x7FFEA244D000 C:\WINDOWS\SYSTEM32\msdmo.dll
	0x7FFF09FF1000 0x7FFF0A145000 C:\Windows\System32\Windows.UI.dll
	-------------------------------------------------------------
	---- thread start --- RIP ---------- file short -------------
	-------------------------------------------------------------
	 3200: 0x7FF6A35589A8 0x7FFF1D361B14 ...\Guild Wars 2\Gw2-64.exe
	19368: 0x7FF6A3572270 0x7FFF1D364A64 ...\Guild Wars 2\Gw2-64.exe
	 2908: 0x7FF6A3572270 0x7FFF1D364A64 ...\Guild Wars 2\Gw2-64.exe
	15000: 0x7FF6A3572270 0x7FFF1D364A64 ...\Guild Wars 2\Gw2-64.exe
	15060: 0x7FF6A3572270 0x7FFF1D361B14 ...\Guild Wars 2\Gw2-64.exe
	10984: 0x7FFF1D275B10 0x7FFF1D365744 ...\SYSTEM32\ntdll.dll
	19232: 0x7FF6A34D8DF0 0x7FFF1D361BD4 ...\Guild Wars 2\Gw2-64.exe
	14224: 0x7FF6A34D8DF0 0x7FFF1D361B14 ...\Guild Wars 2\Gw2-64.exe
	 2524: 0x7FF6A34D8DF0 0x7FFF1D361B14 ...\Guild Wars 2\Gw2-64.exe
	14448: 0x7FF6A34D8DF0 0x7FFF1D361B14 ...\Guild Wars 2\Gw2-64.exe
	16324: 0x7FF6A34D8DF0 0x7FFF1D361B14 ...\Guild Wars 2\Gw2-64.exe
	  880: 0x7FF6A34D8DF0 0x7FFF1D361B14 ...\Guild Wars 2\Gw2-64.exe
	11432: 0x7FF6A3572270 0x7FFF1D361B14 ...\Guild Wars 2\Gw2-64.exe
	13700: 0x7FF6A3572270 0x7FFF1D361B14 ...\Guild Wars 2\Gw2-64.exe
	14656: 0x7FF6A3572270 0x7FFF1AF71334 ...\Guild Wars 2\Gw2-64.exe
	17680: 0x7FFF1B2F3060 0x7FFF1D361B14 ...\System32\WS2_32.dll
	 3216: 0x7FF6A3572270 0x7FFF1D361B14 ...\Guild Wars 2\Gw2-64.exe
	 4404: 0x7FF6A3572270 0x7FFF1D361B14 ...\Guild Wars 2\Gw2-64.exe
	 5804: 0x7FF6A3572270 0x7FF6A376E8FD ...\Guild Wars 2\Gw2-64.exe
	17224: 0x7FFEF4CA8510 0x7FFF1AF7AD74 ...\amd64_microsoft.windows.gdiplus_6595b64144ccf1df_1.1.26100.8036_none_6ef439583dc61568\gdiplus.dll
	18900: 0x7FF6A3572270 0x7FFF1D361B14 ...\Guild Wars 2\Gw2-64.exe
	13852: 0x7FF6A3572270 0x7FFF1D361B14 ...\Guild Wars 2\Gw2-64.exe
	  372: 0x7FF6A3572270 0x<callthread> ...\Guild Wars 2\Gw2-64.exe
	11224: 0x7FFE477AD940 0x7FFF1D361B14 ...\cef\libcef.dll
	15252: 0x7FFE477AD940 0x7FFF1D361BB4 ...\cef\libcef.dll
	17728: 0x7FFE477AD940 0x7FFF1D361B14 ...\cef\libcef.dll
	 7804: 0x7FFE477AD940 0x7FFF1AF7AD74 ...\cef\libcef.dll
	18720: 0x7FFE477AD940 0x7FFF1AF7AD74 ...\cef\libcef.dll
	 3236: 0x7FFE477AD940 0x7FFF1D361B14 ...\cef\libcef.dll
	 9496: 0x7FFE477AD940 0x7FFF1D3656E4 ...\cef\libcef.dll
	18212: 0x7FFE477AD940 0x7FFF1AF7AD74 ...\cef\libcef.dll
	 8424: 0x7FFE477AD940 0x7FFF1D361B14 ...\cef\libcef.dll
	 2320: 0x7FFE477AD940 0x7FFF1D361B14 ...\cef\libcef.dll
	13628: 0x7FFE477AD940 0x7FFF1D361B14 ...\cef\libcef.dll
	10052: 0x7FFE477AD940 0x7FFF1D361B14 ...\cef\libcef.dll
	 9860: 0x7FFE477AD940 0x7FFF1D361BB4 ...\cef\libcef.dll
	17932: 0x7FF6A288BD40 0x7FFF1D361B14 ...\Guild Wars 2\Gw2-64.exe
	 6904: 0x7FF6A332EFE0 0x7FFF158D5B26 ...\Guild Wars 2\Gw2-64.exe
	10604: 0x7FFE75DCF458 0x7FFF1D3656E4 ...\Guild Wars 2\d3d11.dll
	14136: 0x7FFF05000170 0x7FFF1D361BB4 ...\Display.NvContainer\NvMessageBus.dll
	15748: 0x7FFF05000170 0x7FFF1D3656E4 ...\Display.NvContainer\NvMessageBus.dll
	 2688: 0x7FFEFA0FF0C0 0x7FFF1D3656E4 ...\nvaci.inf_amd64_fdf43063d29c7e64\nvwgf2umx.dll
	 3716: 0x7FFEFA0FF0C0 0x7FFF1D361B14 ...\nvaci.inf_amd64_fdf43063d29c7e64\nvwgf2umx.dll
	16356: 0x7FFEFA0FF0C0 0x7FFF1D3625E4 ...\nvaci.inf_amd64_fdf43063d29c7e64\nvwgf2umx.dll
	 4116: 0x7FFEFA0FF0C0 0x7FFF1D361B14 ...\nvaci.inf_amd64_fdf43063d29c7e64\nvwgf2umx.dll
	19352: 0x7FFEFA0FF0C0 0x7FFF1D361B14 ...\nvaci.inf_amd64_fdf43063d29c7e64\nvwgf2umx.dll
	19036: 0x7FFEFA0FF0C0 0x7FFF1D361B14 ...\nvaci.inf_amd64_fdf43063d29c7e64\nvwgf2umx.dll
	13616: 0x7FFEFA0FF0C0 0x7FFF1D361B14 ...\nvaci.inf_amd64_fdf43063d29c7e64\nvwgf2umx.dll
	 8328: 0x7FFEFA0FF0C0 0x7FFF1D361B14 ...\nvaci.inf_amd64_fdf43063d29c7e64\nvwgf2umx.dll
	18156: 0x7FFEFA0FF0C0 0x7FFF1D361B14 ...\nvaci.inf_amd64_fdf43063d29c7e64\nvwgf2umx.dll
	15232: 0x7FFEFA0FF0C0 0x7FFF1D361B14 ...\nvaci.inf_amd64_fdf43063d29c7e64\nvwgf2umx.dll
	12988: 0x7FFEFA0FF0C0 0x7FFF1D361B14 ...\nvaci.inf_amd64_fdf43063d29c7e64\nvwgf2umx.dll
	 8536: 0x7FFEFA0FF0C0 0x7FFF1D361B14 ...\nvaci.inf_amd64_fdf43063d29c7e64\nvwgf2umx.dll
	 7820: 0x7FFEFA0FF0C0 0x7FFF1D361B14 ...\nvaci.inf_amd64_fdf43063d29c7e64\nvwgf2umx.dll
	17084: 0x7FFE75DCF458 0x7FFF1D362114 ...\Guild Wars 2\d3d11.dll
	10048: 0x7FFE75DCF458 0x7FFF1D362114 ...\Guild Wars 2\d3d11.dll
	  324: 0x7FFE75DCF458 0x7FFF1D3656E4 ...\Guild Wars 2\d3d11.dll
	12604: 0x7FFE75DCF458 0x7FFF1D3656E4 ...\Guild Wars 2\d3d11.dll
	14704: 0x7FFE75DCF458 0x7FFF1D3656E4 ...\Guild Wars 2\d3d11.dll
	13116: 0x7FFE75DCF458 0x7FFF1D3656E4 ...\Guild Wars 2\d3d11.dll
	14768: 0x7FFE75DCF458 0x7FFF1D3656E4 ...\Guild Wars 2\d3d11.dll
	 6924: 0x7FFE75DCF458 0x7FFF1D3656E4 ...\Guild Wars 2\d3d11.dll
	17200: 0x7FFE75DCF458 0x7FFF1D3656E4 ...\Guild Wars 2\d3d11.dll
	16656: 0x7FFE75DCF458 0x7FFF1D3656E4 ...\Guild Wars 2\d3d11.dll
	17808: 0x7FFEFA0FF0C0 0x7FFF1D361B14 ...\nvaci.inf_amd64_fdf43063d29c7e64\nvwgf2umx.dll
	 7840: 0x7FFEFA0FF0C0 0x7FFF1D361B14 ...\nvaci.inf_amd64_fdf43063d29c7e64\nvwgf2umx.dll
	17900: 0x7FFEFA0FF0C0 0x7FFF1D361B14 ...\nvaci.inf_amd64_fdf43063d29c7e64\nvwgf2umx.dll
	16936: 0x7FFEFA0FF0C0 0x7FFF1D361B14 ...\nvaci.inf_amd64_fdf43063d29c7e64\nvwgf2umx.dll
	 4652: 0x7FFE75DCF458 0x7FFF1D3656E4 ...\Guild Wars 2\d3d11.dll
	 9716: 0x7FFEFA0FF0C0 0x7FFF1D3625E4 ...\nvaci.inf_amd64_fdf43063d29c7e64\nvwgf2umx.dll
	19012: 0x7FFEFA0FF0C0 0x7FFF1D361B14 ...\nvaci.inf_amd64_fdf43063d29c7e64\nvwgf2umx.dll
	18940: 0x7FFE754FAD70 0x7FFF1D361B14 ...\addons\Log_Uploader.dll
	 8060: 0x7FFE754FAD70 0x7FFF1D3656E4 ...\addons\Log_Uploader.dll
	11984: 0x7FFE754FAD70 0x7FFF1D3656E4 ...\addons\Log_Uploader.dll
	 3536: 0x7FFE754FAD70 0x7FFF1D3656E4 ...\addons\Log_Uploader.dll
	14508: 0x7FFE78F81CF8 0x7FFF1D3656E4 ...\addons\Boon_Table.dll
	 8016: 0x7FFEA4156A58 0x7FFF1D3656E4 ...\addons\Radial_Menus.dll
	14864: 0x7FFE77E259B0 0x7FFF1D3656E4 ...\addons\reffect.dll
	18712: 0x7FFE77E259B0 0x7FFF1D361B14 ...\addons\reffect.dll
	 3644: 0x7FF6A3572270 0x7FFF1D361B14 ...\Guild Wars 2\Gw2-64.exe
	17976: 0x7FF6A3572270 0x7FFF1D361B14 ...\Guild Wars 2\Gw2-64.exe
	 9772: 0x7FF6A3572270 0x7FFF1D361B14 ...\Guild Wars 2\Gw2-64.exe
	 8544: 0x7FF6A3572270 0x7FFF1D362114 ...\Guild Wars 2\Gw2-64.exe
	16984: 0x7FF6A288BD40 0x7FFF1D361B14 ...\Guild Wars 2\Gw2-64.exe
	 7300: 0x7FFECA525810 0x7FFF1D362114 ...\addons\ArcDPS.dll
	 8156: 0x7FFECA5254E0 0x7FFF1D362114 ...\addons\ArcDPS.dll
	 7276: 0x7FFECA5256C0 0x7FFF1D362114 ...\addons\ArcDPS.dll
	 4744: 0x7FFECA525630 0x7FFF1D362114 ...\addons\ArcDPS.dll
	 8468: 0x7FFE78F81CF8 0x7FFF1D3656E4 ...\addons\Boon_Table.dll
	18764: 0x7FFE78F81CF8 0x7FFF1D3656E4 ...\addons\Boon_Table.dll
	17044: 0x7FF6A3572270 0x7FFF1D361B14 ...\Guild Wars 2\Gw2-64.exe
	 6360: 0x7FFF1D275B10 0x7FFF1D365744 ...\SYSTEM32\ntdll.dll
	17312: 0x7FFF1D275B10 0x7FFF1D365744 ...\SYSTEM32\ntdll.dll
	 5184: 0x7FFF1D275B10 0x7FFF1D365744 ...\SYSTEM32\ntdll.dll
	 8484: 0x7FFF1D275B10 0x7FFF1D365744 ...\SYSTEM32\ntdll.dll
	19296: 0x7FFF1D275B10 0x7FFF1D365744 ...\SYSTEM32\ntdll.dll
	10608: 0x7FFF1D275B10 0x7FFF1D365744 ...\SYSTEM32\ntdll.dll
	 2856: 0x7FFE477AD940 0x7FFF1D361B14 ...\cef\libcef.dll
	 7696: 0x7FFF1D275B10 0x7FFF1D365744 ...\SYSTEM32\ntdll.dll
	17108: 0x7FFF1D275B10 0x7FFF1D365744 ...\SYSTEM32\ntdll.dll
	14992: 0x7FFF1D275B10 0x7FFF1D365744 ...\SYSTEM32\ntdll.dll
	 8612: 0x7FFE477AD940 0x7FFF1D361B14 ...\cef\libcef.dll
	14920: 0x7FFF1D275B10 0x7FFF1D365744 ...\SYSTEM32\ntdll.dll
	 3848: 0x7FFF1D275B10 0x7FFF1D365744 ...\SYSTEM32\ntdll.dll
	18704: 0x7FFF1D275B10 0x7FFF1D365744 ...\SYSTEM32\ntdll.dll
	 2468: 0x7FFF1D275B10 0x7FFF1D365744 ...\SYSTEM32\ntdll.dll
	 2708: 0x7FFF18DF7180 0x7FFF1D361BB4 ...\System32\mswsock.dll
	 9152: 0x7FFE477AD940 0x7FFF1D361B14 ...\cef\libcef.dll
	 1772: 0x7FFE477AD940 0x7FFF1D361B14 ...\cef\libcef.dll
	 2580: 0x7FFE477AD940 0x7FFF1D361B14 ...\cef\libcef.dll
	-----------------------------------------------
	---- registers --------------------------------
	-----------------------------------------------
	RAX: 0x0000000000000000 R8:  0x00007FFE4E655310
	RBX: 0x000000D9A36FEB30 R9:  0x0000000000000000
	RCX: 0x00007FFE4E655310 R10: 0x0000000000000000
	RDX: 0x0000000000000000 R11: 0x000000D9A36FEB30
	RBP: 0x0000000000000000 R12: 0x000000D9A36FEFA0
	RSP: 0x000000D9A36FEAB0 R13: 0x0000000000000060
	RSI: 0xAAAAAAAAAAAAAAAA R14: 0x000000D9A36FEFB8
	RDI: 0x0000000000000061 R15: 0x000000D9A36FEFB0
	RIP: 0x00007FFE4771C9A1
	RFLAGS: 0x00010246
	ZF: 1 PF: 1 AF: 0
	OF: 0 SF: 0 DF: 0
	CF: 0 TF: 0 IF: 1
	CFLAGS: 0x0010005F
	GS: 0x0053 FS: 0x002B
	ES: 0x002B DS: 0x002B
	CS: 0x0033 SS: 0x002B
	MXCSR: 0x00001FA1
	DR0: 0x0000000000000000 DR3: 0x0000000000000000
	DR1: 0x0000000000000000 DR6: 0x0000000000000000
	DR2: 0x0000000000000000 DR7: 0x0000000000000000
	errno: 0 GetLastError: 6
	-------------------------------------------------------
	---- code ---------------------------------------------
	-------------------------------------------------------
	0x7FFE4771C961 -40: 0DFEFFFF 488D0D2C DBEC06E8 CF128205
	0x7FFE4771C971 -30: 833D20DB EC06FF0F 8532FEFF FF0F57C0
	0x7FFE4771C981 -20: 0F110500 DBEC060F 1105E9DA EC06488D
	0x7FFE4771C991 -10: 0D02DBEC 06E83D13 8205E910 FEFFFFCC
	0x7FFE4771C9A1 RIP: 0F0BCC0F 0BCC0F0B CCCCCCCC CCCCCC41
	0x7FFE4771C9B1 +10: 57415641 55415456 57555348 81ECE800
	0x7FFE4771C9C1 +20: 00004889 D64989C9 488B0538 80E20648
	0x7FFE4771C9D1 +30: 31E04889 8424E000 000049BC AAAAAAAA
	0x7FFE4771C9E1 +40: AAAAAAAA 4C896424 700F2805 3F568805
	--------------------------------------------------------
	---- stack ---------------------------------------------
	--------------------------------------------------------
	0x00D9A36FEA50 - 60: B0EF6FA3 D9000000 B8EF6FA3 D9000000
	0x00D9A36FEA60 - 50: 61000000 00000000 AAAAAAAA AAAAAAAA
	0x00D9A36FEA70 - 40: 00000000 00000000 2EDDF34C FE7F0000
	0x00D9A36FEA80 - 30: 98A45E4E FE7F0000 B8EF6FA3 D9000000
	0x00D9A36FEA90 - 20: 61000000 00000000 98A45E4E FE7F0000
	0x00D9A36FEAA0 - 10: 30EB6FA3 D9000000 60C97147 FE7F0000
	0x00D9A36FEAB0  RSP: C0292700 EC000000 AAAAAAAA AAAAAAAA
	0x00D9A36FEAC0 + 10: AAAAAAAA AAAAAAAA 30EB6FA3 D9000000
	0x00D9A36FEAD0 + 20: 00000000 00000000 1C46221D FF7F0000
	0x00D9A36FEAE0 + 30: 00000000 00000000 00586D00 EC000000
	0x00D9A36FEAF0 + 40: 30000000 00000000 00000000 00000000
	0x00D9A36FEB00 + 50: 38EB6FA3 D9000000 0150DC44 FE7F0000
	0x00D9A36FEB10 + 60: C0292700 EC000000 61000000 00000000
	0x00D9A36FEB20 + 70: 70000000 00000080 D8D1764D FE7F0000
	0x00D9A36FEB30 + 80: 5B303431 312F3231 32373034 2E343138
	0x00D9A36FEB40 + 90: 3A464154 414C3A67 70755F64 6174615F
	0x00D9A36FEB50 + A0: 6D616E61 6765725F 696D706C 5F707269
	0x00D9A36FEB60 + B0: 76617465 2E636328 34353129 5D204750
	0x00D9A36FEB70 + C0: 55207072 6F636573 73206973 6E277420
	0x00D9A36FEB80 + D0: 75736162 6C652E20 476F6F64 6279652E
	0x00D9A36FEB90 + E0: 0A00AAAA AAAAAAAA AAAAAAAA AAAAAAAA
	0x00D9A36FEBA0 + F0: AAAAAAAA AAAAAAAA AAAAAAAA AAAAAAAA
	0x00D9A36FEBB0 +100: AAAAAAAA AAAAAAAA AAAAAAAA AAAAAAAA
	0x00D9A36FEBC0 +110: AAAAAAAA AAAAAAAA AAAAAAAA AAAAAAAA
	0x00D9A36FEBD0 +120: AAAAAAAA AAAAAAAA AAAAAAAA AAAAAAAA
	0x00D9A36FEBE0 +130: AAAAAAAA AAAAAAAA AAAAAAAA AAAAAAAA
	0x00D9A36FEBF0 +140: AAAAAAAA AAAAAAAA AAAAAAAA AAAAAAAA
	0x00D9A36FEC00 +150: AAAAAAAA AAAAAAAA AAAAAAAA AAAAAAAA
	0x00D9A36FEC10 +160: AAAAAAAA AAAAAAAA AAAAAAAA AAAAAAAA
	0x00D9A36FEC20 +170: AAAAAAAA AAAAAAAA AAAAAAAA AAAAAAAA
	0x00D9A36FEC30 +180: AAAAAAAA AAAAAAAA AAAAAAAA AAAAAAAA
	0x00D9A36FEC40 +190: AAAAAAAA AAAAAAAA AAAAAAAA AAAAAAAA
	0x00D9A36FEC50 +1A0: AAAAAAAA AAAAAAAA AAAAAAAA AAAAAAAA
	0x00D9A36FEC60 +1B0: AAAAAAAA AAAAAAAA AAAAAAAA AAAAAAAA
	0x00D9A36FEC70 +1C0: AAAAAAAA AAAAAAAA AAAAAAAA AAAAAAAA
	0x00D9A36FEC80 +1D0: AAAAAAAA AAAAAAAA AAAAAAAA AAAAAAAA
	0x00D9A36FEC90 +1E0: AAAAAAAA AAAAAAAA AAAAAAAA AAAAAAAA
	0x00D9A36FECA0 +1F0: AAAAAAAA AAAAAAAA AAAAAAAA AAAAAAAA
	--------------------------------------------------------
	---- trace ---- frame -------- RVA ------ file short ---
	--------------------------------------------------------
	0x7FFE4771C9A1: 0x00D9A36FEF70 :0+30AC9A1 libcef
	0x7FFE45A4BD56: 0x00D9A36FF0E0 :0+13DBD56 libcef
	0x7FFE45A48F03: 0x00D9A36FF110 :0+13D8F03 libcef
	0x7FFE45A47341: 0x00D9A36FF150 :0+13D7341 libcef
	0x7FFE45A554CF: 0x00D9A36FF2D0 :0+13E54CF libcef
	0x7FFE45A56940: 0x00D9A36FF450 :0+13E6940 libcef
	0x7FFE458ED421: 0x00D9A36FF550 :0+127D421 libcef
	0x7FFE476F20A5: 0x00D9A36FF5E0 :0+30820A5 libcef
	0x7FFE479C15A8: 0x00D9A36FF680 :0+33515A8 libcef
	0x7FFE479C29C6: 0x00D9A36FF720 :0+33529C6 libcef
	0x7FFE476EF57A: 0x00D9A36FF790 :0+307F57A libcef
	0x7FFE47869149: 0x00D9A36FF810 :0+31F9149 libcef
	0x7FFE4776ED77: 0x00D9A36FF8C0 :0+30FED77 libcef
	0x7FFE484704A4: 0x00D9A36FFA70 :0+3E004A4 libcef
	0x7FFE4847016F: 0x00D9A36FFB50 :0+3E0016F libcef
	0x7FFE491C3ED1: 0x00D9A36FFC00 :0+4B53ED1 libcef
	0x7FFE48470CDD: 0x00D9A36FFC70 :0+3E00CDD libcef
	0x7FFE4774A630: 0x00D9A36FFD60 :0+30DA630 libcef
	0x7FFE4774B268: 0x00D9A36FFDC0 :0+30DB268 libcef
	0x7FFE476A285F: 0x00D9A36FFE30 :0+303285F libcef
	0x7FF6A30F56A5: 0x00D9A36FFE60 :0+09D56A5 Gw2-64
	0x7FF6A30E21DD: 0x00D9A36FFE90 :0+09C21DD Gw2-64
	0x7FF6A35722CA: 0x00D9A36FFEC0 :0+0E522CA Gw2-64
	0x7FFF1B54E8D7: 0x00D9A36FFEF0 :0+002E8D7 KERNEL32@BaseThreadInitThunk (via export)
	0x7FFF1D28C48C: 0x00D9A36FFF40 :0+008C48C ntdll@RtlUserThreadStart (via export)
